Using pre-set license
Built from '2020.3/staging' branch; Version is '2020.3.24f1 (79c78de19888) revision 7980941'; Using compiler version '192528614'; Build Type 'Release'
OS: 'Windows 10  (10.0.19042) 64bit Professional' Language: 'en' Physical Memory: 16226 MB
BatchMode: 1, IsHumanControllingUs: 0, StartBugReporterOnCrash: 0, Is64bit: 1, IsPro: 0

COMMAND LINE ARGUMENTS:
G:\Unity\Editor\2020.3.24f1\Editor\Unity.exe
-adb2
-batchMode
-noUpm
-name
AssetImportWorker0
-projectPath
G:/UnityProject/FirstLevel
-logFile
Logs/AssetImportWorker0.log
-srvPort
51476
Successfully changed project path to: G:/UnityProject/FirstLevel
G:/UnityProject/FirstLevel
Using Asset Import Pipeline V2.
Refreshing native plugins compatible for Editor in 56.70 ms, found 2 plugins.
Preloading 0 native plugins for Editor in 0.00 ms.
Initialize engine version: 2020.3.24f1 (79c78de19888)
[Subsystems] Discovering subsystems at path G:/Unity/Editor/2020.3.24f1/Editor/Data/Resources/UnitySubsystems
[Subsystems] Discovering subsystems at path G:/UnityProject/FirstLevel/Assets
GfxDevice: creating device client; threaded=0
Direct3D:
    Version:  Direct3D 11.0 [level 11.1]
    Renderer: NVIDIA GeForce GTX 1050 Ti (ID=0x1c8c)
    Vendor:   
    VRAM:     4018 MB
    Driver:   26.21.14.4223
Initialize mono
Mono path[0] = 'G:/Unity/Editor/2020.3.24f1/Editor/Data/Managed'
Mono path[1] = 'G:/Unity/Editor/2020.3.24f1/Editor/Data/MonoBleedingEdge/lib/mono/unityjit'
Mono config path = 'G:/Unity/Editor/2020.3.24f1/Editor/Data/MonoBleedingEdge/etc'
Using monoOptions --debugger-agent=transport=dt_socket,embedding=1,server=y,suspend=n,address=127.0.0.1:56676
Begin MonoManager ReloadAssembly
Registering precompiled unity dll's ...
Register platform support module: G:/Unity/Editor/2020.3.24f1/Editor/Data/PlaybackEngines/WindowsStandaloneSupport/UnityEditor.WindowsStandalone.Extensions.dll
Registered in 0.004084 seconds.
Native extension for WindowsStandalone target not found
Refreshing native plugins compatible for Editor in 40.76 ms, found 2 plugins.
Preloading 0 native plugins for Editor in 0.00 ms.
Mono: successfully reloaded assembly
- Completed reload, in  0.726 seconds
Domain Reload Profiling:
	ReloadAssembly (727ms)
		BeginReloadAssembly (55ms)
			ExecutionOrderSort (0ms)
			DisableScriptedObjects (0ms)
			BackupInstance (0ms)
			ReleaseScriptingObjects (0ms)
			CreateAndSetChildDomain (1ms)
		EndReloadAssembly (562ms)
			LoadAssemblies (54ms)
			RebuildTransferFunctionScriptingTraits (0ms)
			SetupTypeCache (249ms)
			ReleaseScriptCaches (0ms)
			RebuildScriptCaches (31ms)
			SetupLoadedEditorAssemblies (184ms)
				LogAssemblyErrors (0ms)
				InitializePlatformSupportModulesInManaged (4ms)
				SetLoadedEditorAssemblies (0ms)
				RefreshPlugins (41ms)
				BeforeProcessingInitializeOnLoad (8ms)
				ProcessInitializeOnLoadAttributes (91ms)
				ProcessInitializeOnLoadMethodAttributes (40ms)
				AfterProcessingInitializeOnLoad (0ms)
				EditorAssembliesLoaded (0ms)
			ExecutionOrderSort2 (0ms)
			AwakeInstancesAfterBackupRestoration (0ms)
Platform modules already initialized, skipping
Registering precompiled user dll's ...
Registered in 0.004227 seconds.
Begin MonoManager ReloadAssembly
Native extension for WindowsStandalone target not found
Refreshing native plugins compatible for Editor in 0.36 ms, found 2 plugins.
Preloading 0 native plugins for Editor in 0.00 ms.
Mono: successfully reloaded assembly
- Completed reload, in  1.144 seconds
Domain Reload Profiling:
	ReloadAssembly (1145ms)
		BeginReloadAssembly (132ms)
			ExecutionOrderSort (0ms)
			DisableScriptedObjects (5ms)
			BackupInstance (0ms)
			ReleaseScriptingObjects (0ms)
			CreateAndSetChildDomain (17ms)
		EndReloadAssembly (957ms)
			LoadAssemblies (78ms)
			RebuildTransferFunctionScriptingTraits (0ms)
			SetupTypeCache (449ms)
			ReleaseScriptCaches (0ms)
			RebuildScriptCaches (54ms)
			SetupLoadedEditorAssemblies (285ms)
				LogAssemblyErrors (0ms)
				InitializePlatformSupportModulesInManaged (4ms)
				SetLoadedEditorAssemblies (0ms)
				RefreshPlugins (0ms)
				BeforeProcessingInitializeOnLoad (58ms)
				ProcessInitializeOnLoadAttributes (206ms)
				ProcessInitializeOnLoadMethodAttributes (10ms)
				AfterProcessingInitializeOnLoad (5ms)
				EditorAssembliesLoaded (0ms)
			ExecutionOrderSort2 (0ms)
			AwakeInstancesAfterBackupRestoration (6ms)
Platform modules already initialized, skipping
========================================================================
Worker process is ready to serve import requests
Launched and connected shader compiler UnityShaderCompiler.exe after 0.07 seconds
Refreshing native plugins compatible for Editor in 0.58 ms, found 2 plugins.
Preloading 0 native plugins for Editor in 0.00 ms.
Unloading 1860 Unused Serialized files (Serialized files now loaded: 0)
System memory in use before: 83.6 MB.
System memory in use after: 83.6 MB.

Unloading 20 unused Assets to reduce memory usage. Loaded Objects now: 2293.
Total: 3.414200 ms (FindLiveObjects: 0.297400 ms CreateObjectMapping: 0.145900 ms MarkObjects: 2.837600 ms  DeleteObjects: 0.132100 ms)

AssetImportParameters requested are different than current active one (requested -> active):
  custom:framework-win-MediaFoundation: 216162199b28c13a410421893ffa2e32 -> 
  custom:video-decoder-ogg-theora: a1e56fd34408186e4bbccfd4996cb3dc -> 
  custom:container-muxer-webm: aa71ff27fc2769a1b78a27578f13a17b -> 
  custom:container-demuxer-webm: 4f35f7cbe854078d1ac9338744f61a02 -> 
  custom:container-demuxer-ogg: 62fdf1f143b41e24485cea50d1cbac27 -> 
  custom:video-encoder-webm-vp8: eb34c28f22e8b96e1ab97ce403110664 -> 
  custom:video-decoder-webm-vp8: 9c59270c3fd7afecdb556c50c9e8de78 -> 
  custom:audio-decoder-ogg-vorbis: bf7c407c2cedff20999df2af8eb42d56 -> 
  custom:audio-encoder-webm-vorbis: bf7c407c2cedff20999df2af8eb42d56 -> 
========================================================================
Received Import Request.
  path: Assets
  artifactKey: Guid(00000000000000001000000000000000) Importer(815301076,1909f56bfc062723c751e8b465ee728b)
Start importing Assets using Guid(00000000000000001000000000000000) Importer(815301076,1909f56bfc062723c751e8b465ee728b)  -> (artifact id: '42d402b061de3733987d63b9cc3b64de') in 0.011166 seconds 
  Import took 0.014788 seconds .

========================================================================
Received Import Request.
  Time since last request: 1.711626 seconds.
  path: Assets/Materials
  artifactKey: Guid(22e469bc2e6b6f142a5067be14bbb4e5) Importer(815301076,1909f56bfc062723c751e8b465ee728b)
Start importing Assets/Materials using Guid(22e469bc2e6b6f142a5067be14bbb4e5) Importer(815301076,1909f56bfc062723c751e8b465ee728b)  -> (artifact id: '7b0ff9afd59102d9659a345e9c421f8f') in 0.006528 seconds 
  Import took 0.009839 seconds .

========================================================================
Received Import Request.
  Time since last request: 13.657789 seconds.
  path: Assets/Textures
  artifactKey: Guid(9fa824b8e61e70546b619f340f0a2aca) Importer(815301076,1909f56bfc062723c751e8b465ee728b)
Start importing Assets/Textures using Guid(9fa824b8e61e70546b619f340f0a2aca) Importer(815301076,1909f56bfc062723c751e8b465ee728b)  -> (artifact id: 'cba5e2e4857e18b83bb11a8a114ae45a') in 0.008851 seconds 
  Import took 0.011902 seconds .

========================================================================
Received Import Request.
  Time since last request: 5.760141 seconds.
  path: Assets/Materials/New Material.mat
  artifactKey: Guid(7d7e5da58e044db4bac447752b9fd2a3) Importer(815301076,1909f56bfc062723c751e8b465ee728b)
Start importing Assets/Materials/New Material.mat using Guid(7d7e5da58e044db4bac447752b9fd2a3) Importer(815301076,1909f56bfc062723c751e8b465ee728b)  -> (artifact id: '68240ee5548466099383e7ad6bd2fb08') in 0.163044 seconds 
  Import took 0.167846 seconds .

========================================================================
Received Import Request.
  Time since last request: 1052.328086 seconds.
  path: Assets/Materials/Green-Bush-Texture-Wall-Mural_0f00b84d-a1df-4b49-bdcd-83959aa33d2c.jpeg
  artifactKey: Guid(025869839a676c843841f686ba8d70f8) Importer(815301076,1909f56bfc062723c751e8b465ee728b)
Start importing Assets/Materials/Green-Bush-Texture-Wall-Mural_0f00b84d-a1df-4b49-bdcd-83959aa33d2c.jpeg using Guid(025869839a676c843841f686ba8d70f8) Importer(815301076,1909f56bfc062723c751e8b465ee728b)  -> (artifact id: '0d373a828b20e9eb2a25713e0a28015d') in 0.033894 seconds 
  Import took 0.037598 seconds .

========================================================================
Received Import Request.
  Time since last request: 6715.106129 seconds.
  path: Assets/Materials/cuafinal.fbx
  artifactKey: Guid(8f00fcad3a4b7f942be1ac156f4c9c1b) Importer(815301076,1909f56bfc062723c751e8b465ee728b)
Start importing Assets/Materials/cuafinal.fbx using Guid(8f00fcad3a4b7f942be1ac156f4c9c1b) Importer(815301076,1909f56bfc062723c751e8b465ee728b)  -> (artifact id: '9a291b15cb47c9e076fc5310d2ba4d2b') in 0.302597 seconds 
  Import took 0.329783 seconds .

========================================================================
Received Import Request.
  Time since last request: 277.683350 seconds.
  path: Assets/Materials/New Material.mat
  artifactKey: Guid(7d7e5da58e044db4bac447752b9fd2a3) Importer(815301076,1909f56bfc062723c751e8b465ee728b)
Start importing Assets/Materials/New Material.mat using Guid(7d7e5da58e044db4bac447752b9fd2a3) Importer(815301076,1909f56bfc062723c751e8b465ee728b)  -> (artifact id: '7bc70834f777d70a4f608689f4bcf069') in 0.018509 seconds 
  Import took 0.023107 seconds .

AssetImportWorkerClient::OnTransportError - code=2 error=End of file
